<?xml version="1.0" encoding="UTF-8"?>
<testsuite xmlns:xsi="http://www.w3.org/2001/XMLSchema-instance" xsi:noNamespaceSchemaLocation="https://maven.apache.org/surefire/maven-surefire-plugin/xsd/surefire-test-report-3.0.xsd" version="3.0" name="UserServiceTest" time="6.431" tests="6" errors="0" skipped="0" failures="0">
  <properties>
[...]
</properties>
  <testcase name="saveUser" classname="UserServiceTest" time="0.645">
    <system-out><![CDATA[Hibernate: DROP TABLE IF EXISTS users
Hibernate: 
CREATE TABLE IF NOT EXISTS users (
    id BIGINT PRIMARY KEY AUTO_INCREMENT,
    name VARCHAR(50),
    lastName VARCHAR(50),
    age TINYINT
)

Hibernate: insert into users (age, lastname, name) values (?, ?, ?)
Hibernate: select user0_.id as id1_0_, user0_.age as age2_0_, user0_.lastname as lastname3_0_, user0_.name as name4_0_ from users user0_
User{id= 1, name= 'Ivan', lastName= 'Ivanov', age= 5}
]]></system-out>
    <system-err><![CDATA[авг. 22, 2025 6:08:45 PM org.hibernate.Version logVersion
INFO: HHH000412: Hibernate ORM core version 5.6.15.Final
авг. 22, 2025 6:08:45 PM org.hibernate.cfg.Environment <clinit>
INFO: HHH000205: Loaded properties from resource hibernate.properties: {hibernate.connection.url=jdbc:mysql://localhost:3306/data, hibernate.bytecode.use_reflection_optimizer=false, hibernate.dialect=org.hibernate.dialect.MySQL8Dialect, hibernate.driver_class=com.mysql.jdbc.Driver, hibernate.show_sql=true, hibernate.connection.password=****, hibernate.current_session_context_class=thread, hibernate.connection.username=root}
авг. 22, 2025 6:08:47 PM org.hibernate.annotations.common.reflection.java.JavaReflectionManager <clinit>
INFO: HCANN000001: Hibernate Commons Annotations {5.1.2.Final}
авг. 22, 2025 6:08:47 PM org.hibernate.engine.jdbc.connections.internal.DriverManagerConnectionProviderImpl configure
WARN: HHH10001002: Using Hibernate built-in connection pool (not for production use!)
авг. 22, 2025 6:08:47 PM org.hibernate.engine.jdbc.connections.internal.DriverManagerConnectionProviderImpl buildCreator
INFO: HHH10001005: using driver [com.mysql.cj.jdbc.Driver] at URL [jdbc:mysql://localhost:3306/data]
авг. 22, 2025 6:08:47 PM org.hibernate.engine.jdbc.connections.internal.DriverManagerConnectionProviderImpl buildCreator
INFO: HHH10001001: Connection properties: {user=root, password=****}
авг. 22, 2025 6:08:47 PM org.hibernate.engine.jdbc.connections.internal.DriverManagerConnectionProviderImpl buildCreator
INFO: HHH10001003: Autocommit mode: false
авг. 22, 2025 6:08:47 PM org.hibernate.engine.jdbc.connections.internal.DriverManagerConnectionProviderImpl$PooledConnections <init>
INFO: HHH000115: Hibernate connection pool size: 20 (min=1)
авг. 22, 2025 6:08:48 PM org.hibernate.dialect.Dialect <init>
INFO: HHH000400: Using dialect: org.hibernate.dialect.MySQL8Dialect
авг. 22, 2025 6:08:50 PM org.hibernate.resource.transaction.backend.jdbc.internal.DdlTransactionIsolatorNonJtaImpl getIsolatedConnection
INFO: HHH10001501: Connection obtained from JdbcConnectionAccess [org.hibernate.engine.jdbc.env.internal.JdbcEnvironmentInitiator$ConnectionProviderJdbcConnectionAccess@3ba0ae41] for (non-JTA) DDL execution was not in auto-commit mode; the Connection 'local transaction' will be committed and the Connection will be set into auto-commit mode.
]]></system-err>
  </testcase>
  <testcase name="removeUserById" classname="UserServiceTest" time="0.112">
    <system-out><![CDATA[Hibernate: DROP TABLE IF EXISTS users
Hibernate: 
CREATE TABLE IF NOT EXISTS users (
    id BIGINT PRIMARY KEY AUTO_INCREMENT,
    name VARCHAR(50),
    lastName VARCHAR(50),
    age TINYINT
)

Hibernate: insert into users (age, lastname, name) values (?, ?, ?)
Hibernate: delete from users where id=?
]]></system-out>
  </testcase>
  <testcase name="getAllUsers" classname="UserServiceTest" time="0.182">
    <system-out><![CDATA[Hibernate: DROP TABLE IF EXISTS users
Hibernate: 
CREATE TABLE IF NOT EXISTS users (
    id BIGINT PRIMARY KEY AUTO_INCREMENT,
    name VARCHAR(50),
    lastName VARCHAR(50),
    age TINYINT
)

Hibernate: insert into users (age, lastname, name) values (?, ?, ?)
Hibernate: select user0_.id as id1_0_, user0_.age as age2_0_, user0_.lastname as lastname3_0_, user0_.name as name4_0_ from users user0_
User{id= 1, name= 'Ivan', lastName= 'Ivanov', age= 5}
]]></system-out>
  </testcase>
  <testcase name="dropUsersTable" classname="UserServiceTest" time="0.035">
    <system-out><![CDATA[Hibernate: 
CREATE TABLE IF NOT EXISTS users (
    id BIGINT PRIMARY KEY AUTO_INCREMENT,
    name VARCHAR(50),
    lastName VARCHAR(50),
    age TINYINT
)

Hibernate: DROP TABLE IF EXISTS users
]]></system-out>
  </testcase>
  <testcase name="createUsersTable" classname="UserServiceTest" time="0.038">
    <system-out><![CDATA[Hibernate: DROP TABLE IF EXISTS users
Hibernate: 
CREATE TABLE IF NOT EXISTS users (
    id BIGINT PRIMARY KEY AUTO_INCREMENT,
    name VARCHAR(50),
    lastName VARCHAR(50),
    age TINYINT
)

]]></system-out>
  </testcase>
  <testcase name="cleanUsersTable" classname="UserServiceTest" time="0.171">
    <system-out><![CDATA[Hibernate: DROP TABLE IF EXISTS users
Hibernate: 
CREATE TABLE IF NOT EXISTS users (
    id BIGINT PRIMARY KEY AUTO_INCREMENT,
    name VARCHAR(50),
    lastName VARCHAR(50),
    age TINYINT
)

Hibernate: insert into users (age, lastname, name) values (?, ?, ?)
Hibernate: DELETE FROM users
Hibernate: select user0_.id as id1_0_, user0_.age as age2_0_, user0_.lastname as lastname3_0_, user0_.name as name4_0_ from users user0_
]]></system-out>
  </testcase>
</testsuite>